<?xml version="1.0" encoding="UTF-8"?>
<!-- Generated by org.testng.reporters.JUnitReportReporter -->
<testsuite hostname="DESKTOP-UL7CDI2" failures="0" tests="1" name="Cars.RangeRover" time="19.655" errors="0" timestamp="2024-07-19T15:30:26 IST" skipped="0">
  <testcase classname="Cars.RangeRover" name="launchRangeRover" time="19.655"/>
  <system-out>
    <![CDATA[RangeRover launched successfully]]>
  </system-out>
</testsuite> <!-- Cars.RangeRover -->
