<?xml version="1.0" encoding="UTF-8"?>
<!-- Generated by org.testng.reporters.JUnitReportReporter -->
<testsuite hostname="DESKTOP-UL7CDI2" failures="0" tests="1" name="Cars.tata" time="11.056" errors="0" timestamp="2024-07-19T15:50:38 IST" skipped="0">
  <testcase classname="Cars.tata" name="launchedtata" time="11.056"/>
  <system-out>
    <![CDATA[tata launched successfully]]>
  </system-out>
</testsuite> <!-- Cars.tata -->
