<?xml version="1.0" encoding="UTF-8"?>
<!-- Generated by org.testng.reporters.JUnitReportReporter -->
<testsuite hostname="DESKTOP-UL7CDI2" failures="0" tests="1" name="Bikes.HarleyDavidson" time="158.983" errors="0" timestamp="2024-07-22T15:11:25 IST" skipped="0">
  <testcase classname="Bikes.HarleyDavidson" name="launchedHarleyDavidson" time="158.983"/>
  <system-out>
    <![CDATA[HarleyDavidson lanunched successfully]]>
  </system-out>
</testsuite> <!-- Bikes.HarleyDavidson -->
