<?xml version="1.0" encoding="UTF-8"?>
<!-- Generated by org.testng.reporters.JUnitReportReporter -->
<testsuite hostname="DESKTOP-UL7CDI2" failures="0" tests="1" name="Bikes.yamaha" time="8.955" errors="0" timestamp="2024-07-19T16:35:15 IST" skipped="0">
  <testcase classname="Bikes.yamaha" name="launchedYamaha" time="8.955"/>
  <system-out>
    <![CDATA[Yamaha launched successfully]]>
  </system-out>
</testsuite> <!-- Bikes.yamaha -->
