<?xml version="1.0" encoding="UTF-8"?>
<!-- Generated by org.testng.reporters.JUnitReportReporter -->
<testsuite hostname="DESKTOP-UL7CDI2" failures="0" tests="4" name="DataProvider.ToLearnDataProvider" time="17.475" errors="0" timestamp="2024-07-22T16:30:02 IST" skipped="0">
  <testcase classname="DataProvider.ToLearnDataProvider" name="login" time="3.515"/>
  <system-out/>
  <testcase classname="DataProvider.ToLearnDataProvider" name="login" time="3.643"/>
  <system-out/>
  <testcase classname="DataProvider.ToLearnDataProvider" name="login" time="4.823"/>
  <system-out/>
  <testcase classname="DataProvider.ToLearnDataProvider" name="login" time="5.494"/>
  <system-out/>
</testsuite> <!-- DataProvider.ToLearnDataProvider -->
