<?xml version="1.0" encoding="UTF-8"?>
<!-- Generated by org.testng.reporters.JUnitReportReporter -->
<testsuite hostname="DESKTOP-UL7CDI2" failures="0" tests="1" name="Bikes.RoyalEnfield" time="5.344" errors="0" timestamp="2024-07-19T16:35:41 IST" skipped="0">
  <testcase classname="Bikes.RoyalEnfield" name="LaunchedRoyalEnfield" time="5.344"/>
  <system-out>
    <![CDATA[RoyalEnfield launched successfully]]>
  </system-out>
</testsuite> <!-- Bikes.RoyalEnfield -->
